
> frontend@0.1.0 dev
> next dev

▲ Next.js 16.2.9 (Turbopack)
- Local:         http://localhost:3000
- Network:       http://192.168.2.1:3000
- Environments: .env.local
✓ Ready in 241ms

 GET /apple-touch-icon.png 404 in 283ms (next.js: 191ms, application-code: 92ms)
 GET /apple-touch-icon-precomposed.png 404 in 289ms (next.js: 229ms, application-code: 60ms)
node(4710) MallocStackLogging: can't turn off malloc stack logging because it was not enabled.
node(4705) MallocStackLogging: can't turn off malloc stack logging because it was not enabled.
node(4709) MallocStackLogging: can't turn off malloc stack logging because it was not enabled.
node(4707) MallocStackLogging: can't turn off malloc stack logging because it was not enabled.
node(4706) MallocStackLogging: can't turn off malloc stack logging because it was not enabled.
node(4708) MallocStackLogging: can't turn off malloc stack logging because it was not enabled.
node(4711) MallocStackLogging: can't turn off malloc stack logging because it was not enabled.
node(4712) MallocStackLogging: can't turn off malloc stack logging because it was not enabled.
node(4714) MallocStackLogging: can't turn off malloc stack logging because it was not enabled.
node(4713) MallocStackLogging: can't turn off malloc stack logging because it was not enabled.
node(4715) MallocStackLogging: can't turn off malloc stack logging because it was not enabled.
node(4716) MallocStackLogging: can't turn off malloc stack logging because it was not enabled.
node(4717) MallocStackLogging: can't turn off malloc stack logging because it was not enabled.
node(4718) MallocStackLogging: can't turn off malloc stack logging because it was not enabled.
node(4719) MallocStackLogging: can't turn off malloc stack logging because it was not enabled.
node(4720) MallocStackLogging: can't turn off malloc stack logging because it was not enabled.
node(4721) MallocStackLogging: can't turn off malloc stack logging because it was not enabled.
node(4722) MallocStackLogging: can't turn off malloc stack logging because it was not enabled.
node(4723) MallocStackLogging: can't turn off malloc stack logging because it was not enabled.
node(4724) MallocStackLogging: can't turn off malloc stack logging because it was not enabled.
node(4725) MallocStackLogging: can't turn off malloc stack logging because it was not enabled.
node(4726) MallocStackLogging: can't turn off malloc stack logging because it was not enabled.
node(4727) MallocStackLogging: can't turn off malloc stack logging because it was not enabled.
node(4728) MallocStackLogging: can't turn off malloc stack logging because it was not enabled.
node(4729) MallocStackLogging: can't turn off malloc stack logging because it was not enabled.
node(4730) MallocStackLogging: can't turn off malloc stack logging because it was not enabled.
node(4731) MallocStackLogging: can't turn off malloc stack logging because it was not enabled.
node(4732) MallocStackLogging: can't turn off malloc stack logging because it was not enabled.
node(4733) MallocStackLogging: can't turn off malloc stack logging because it was not enabled.
node(4734) MallocStackLogging: can't turn off malloc stack logging because it was not enabled.
node(4735) MallocStackLogging: can't turn off malloc stack logging because it was not enabled.
node(4736) MallocStackLogging: can't turn off malloc stack logging because it was not enabled.
node(4737) MallocStackLogging: can't turn off malloc stack logging because it was not enabled.
node(4738) MallocStackLogging: can't turn off malloc stack logging because it was not enabled.
node(4739) MallocStackLogging: can't turn off malloc stack logging because it was not enabled.
node(4740) MallocStackLogging: can't turn off malloc stack logging because it was not enabled.
node(4741) MallocStackLogging: can't turn off malloc stack logging because it was not enabled.
node(4742) MallocStackLogging: can't turn off malloc stack logging because it was not enabled.
node(4743) MallocStackLogging: can't turn off malloc stack logging because it was not enabled.
node(4744) MallocStackLogging: can't turn off malloc stack logging because it was not enabled.
node(4745) MallocStackLogging: can't turn off malloc stack logging because it was not enabled.
node(4746) MallocStackLogging: can't turn off malloc stack logging because it was not enabled.
node(4747) MallocStackLogging: can't turn off malloc stack logging because it was not enabled.
node(4748) MallocStackLogging: can't turn off malloc stack logging because it was not enabled.
node(4749) MallocStackLogging: can't turn off malloc stack logging because it was not enabled.
node(4750) MallocStackLogging: can't turn off malloc stack logging because it was not enabled.
node(4751) MallocStackLogging: can't turn off malloc stack logging because it was not enabled.
node(4752) MallocStackLogging: can't turn off malloc stack logging because it was not enabled.
node(4753) MallocStackLogging: can't turn off malloc stack logging because it was not enabled.
node(4754) MallocStackLogging: can't turn off malloc stack logging because it was not enabled.
node(4755) MallocStackLogging: can't turn off malloc stack logging because it was not enabled.
node(4756) MallocStackLogging: can't turn off malloc stack logging because it was not enabled.
node(4757) MallocStackLogging: can't turn off malloc stack logging because it was not enabled.
node(4758) MallocStackLogging: can't turn off malloc stack logging because it was not enabled.
node(4759) MallocStackLogging: can't turn off malloc stack logging because it was not enabled.
node(4760) MallocStackLogging: can't turn off malloc stack logging because it was not enabled.
node(4761) MallocStackLogging: can't turn off malloc stack logging because it was not enabled.
node(4762) MallocStackLogging: can't turn off malloc stack logging because it was not enabled.
node(4763) MallocStackLogging: can't turn off malloc stack logging because it was not enabled.
node(4764) MallocStackLogging: can't turn off malloc stack logging because it was not enabled.
node(4765) MallocStackLogging: can't turn off malloc stack logging because it was not enabled.
node(4766) MallocStackLogging: can't turn off malloc stack logging because it was not enabled.
node(4767) MallocStackLogging: can't turn off malloc stack logging because it was not enabled.
node(4768) MallocStackLogging: can't turn off malloc stack logging because it was not enabled.
node(4769) MallocStackLogging: can't turn off malloc stack logging because it was not enabled.
node(4770) MallocStackLogging: can't turn off malloc stack logging because it was not enabled.
node(4771) MallocStackLogging: can't turn off malloc stack logging because it was not enabled.
node(4772) MallocStackLogging: can't turn off malloc stack logging because it was not enabled.
node(4773) MallocStackLogging: can't turn off malloc stack logging because it was not enabled.
node(4774) MallocStackLogging: can't turn off malloc stack logging because it was not enabled.
node(4775) MallocStackLogging: can't turn off malloc stack logging because it was not enabled.
node(4776) MallocStackLogging: can't turn off malloc stack logging because it was not enabled.
node(4777) MallocStackLogging: can't turn off malloc stack logging because it was not enabled.
node(4778) MallocStackLogging: can't turn off malloc stack logging because it was not enabled.
node(4779) MallocStackLogging: can't turn off malloc stack logging because it was not enabled.
node(4780) MallocStackLogging: can't turn off malloc stack logging because it was not enabled.
node(4781) MallocStackLogging: can't turn off malloc stack logging because it was not enabled.
node(4782) MallocStackLogging: can't turn off malloc stack logging because it was not enabled.
node(4783) MallocStackLogging: can't turn off malloc stack logging because it was not enabled.
node(4784) MallocStackLogging: can't turn off malloc stack logging because it was not enabled.
node(4785) MallocStackLogging: can't turn off malloc stack logging because it was not enabled.
node(4786) MallocStackLogging: can't turn off malloc stack logging because it was not enabled.
node(4787) MallocStackLogging: can't turn off malloc stack logging because it was not enabled.
node(4788) MallocStackLogging: can't turn off malloc stack logging because it was not enabled.
node(4789) MallocStackLogging: can't turn off malloc stack logging because it was not enabled.
node(4790) MallocStackLogging: can't turn off malloc stack logging because it was not enabled.
node(4791) MallocStackLogging: can't turn off malloc stack logging because it was not enabled.
node(4792) MallocStackLogging: can't turn off malloc stack logging because it was not enabled.
node(4793) MallocStackLogging: can't turn off malloc stack logging because it was not enabled.
node(4794) MallocStackLogging: can't turn off malloc stack logging because it was not enabled.
node(4795) MallocStackLogging: can't turn off malloc stack logging because it was not enabled.
node(4796) MallocStackLogging: can't turn off malloc stack logging because it was not enabled.
node(4797) MallocStackLogging: can't turn off malloc stack logging because it was not enabled.
node(4798) MallocStackLogging: can't turn off malloc stack logging because it was not enabled.
node(4799) MallocStackLogging: can't turn off malloc stack logging because it was not enabled.
node(4800) MallocStackLogging: can't turn off malloc stack logging because it was not enabled.
node(4801) MallocStackLogging: can't turn off malloc stack logging because it was not enabled.
node(4802) MallocStackLogging: can't turn off malloc stack logging because it was not enabled.
node(4803) MallocStackLogging: can't turn off malloc stack logging because it was not enabled.
node(4804) MallocStackLogging: can't turn off malloc stack logging because it was not enabled.
node(4805) MallocStackLogging: can't turn off malloc stack logging because it was not enabled.
node(4806) MallocStackLogging: can't turn off malloc stack logging because it was not enabled.
node(4807) MallocStackLogging: can't turn off malloc stack logging because it was not enabled.
node(4808) MallocStackLogging: can't turn off malloc stack logging because it was not enabled.
node(4809) MallocStackLogging: can't turn off malloc stack logging because it was not enabled.
node(4810) MallocStackLogging: can't turn off malloc stack logging because it was not enabled.
node(4811) MallocStackLogging: can't turn off malloc stack logging because it was not enabled.
node(4812) MallocStackLogging: can't turn off malloc stack logging because it was not enabled.
node(4813) MallocStackLogging: can't turn off malloc stack logging because it was not enabled.
node(4814) MallocStackLogging: can't turn off malloc stack logging because it was not enabled.
node(4815) MallocStackLogging: can't turn off malloc stack logging because it was not enabled.
node(4816) MallocStackLogging: can't turn off malloc stack logging because it was not enabled.
node(4817) MallocStackLogging: can't turn off malloc stack logging because it was not enabled.
node(4818) MallocStackLogging: can't turn off malloc stack logging because it was not enabled.
node(4819) MallocStackLogging: can't turn off malloc stack logging because it was not enabled.
node(4820) MallocStackLogging: can't turn off malloc stack logging because it was not enabled.
node(4821) MallocStackLogging: can't turn off malloc stack logging because it was not enabled.
node(4822) MallocStackLogging: can't turn off malloc stack logging because it was not enabled.
node(4823) MallocStackLogging: can't turn off malloc stack logging because it was not enabled.
node(4824) MallocStackLogging: can't turn off malloc stack logging because it was not enabled.
node(4825) MallocStackLogging: can't turn off malloc stack logging because it was not enabled.
node(4826) MallocStackLogging: can't turn off malloc stack logging because it was not enabled.
node(4827) MallocStackLogging: can't turn off malloc stack logging because it was not enabled.
node(4828) MallocStackLogging: can't turn off malloc stack logging because it was not enabled.
node(4829) MallocStackLogging: can't turn off malloc stack logging because it was not enabled.
node(4830) MallocStackLogging: can't turn off malloc stack logging because it was not enabled.
node(4831) MallocStackLogging: can't turn off malloc stack logging because it was not enabled.
node(4832) MallocStackLogging: can't turn off malloc stack logging because it was not enabled.
node(4833) MallocStackLogging: can't turn off malloc stack logging because it was not enabled.
node(4834) MallocStackLogging: can't turn off malloc stack logging because it was not enabled.
node(4835) MallocStackLogging: can't turn off malloc stack logging because it was not enabled.
node(4836) MallocStackLogging: can't turn off malloc stack logging because it was not enabled.
node(4837) MallocStackLogging: can't turn off malloc stack logging because it was not enabled.
node(4838) MallocStackLogging: can't turn off malloc stack logging because it was not enabled.
node(4839) MallocStackLogging: can't turn off malloc stack logging because it was not enabled.
node(4840) MallocStackLogging: can't turn off malloc stack logging because it was not enabled.
node(4841) MallocStackLogging: can't turn off malloc stack logging because it was not enabled.
node(4842) MallocStackLogging: can't turn off malloc stack logging because it was not enabled.
node(4843) MallocStackLogging: can't turn off malloc stack logging because it was not enabled.
node(4844) MallocStackLogging: can't turn off malloc stack logging because it was not enabled.
node(4845) MallocStackLogging: can't turn off malloc stack logging because it was not enabled.
node(4846) MallocStackLogging: can't turn off malloc stack logging because it was not enabled.
node(4847) MallocStackLogging: can't turn off malloc stack logging because it was not enabled.
node(4848) MallocStackLogging: can't turn off malloc stack logging because it was not enabled.
node(4849) MallocStackLogging: can't turn off malloc stack logging because it was not enabled.
node(4850) MallocStackLogging: can't turn off malloc stack logging because it was not enabled.
node(4851) MallocStackLogging: can't turn off malloc stack logging because it was not enabled.
node(4852) MallocStackLogging: can't turn off malloc stack logging because it was not enabled.
node(4853) MallocStackLogging: can't turn off malloc stack logging because it was not enabled.
node(4854) MallocStackLogging: can't turn off malloc stack logging because it was not enabled.
node(4855) MallocStackLogging: can't turn off malloc stack logging because it was not enabled.
node(4856) MallocStackLogging: can't turn off malloc stack logging because it was not enabled.
node(4857) MallocStackLogging: can't turn off malloc stack logging because it was not enabled.
node(4858) MallocStackLogging: can't turn off malloc stack logging because it was not enabled.
node(4859) MallocStackLogging: can't turn off malloc stack logging because it was not enabled.
node(4860) MallocStackLogging: can't turn off malloc stack logging because it was not enabled.
node(4862) MallocStackLogging: can't turn off malloc stack logging because it was not enabled.
node(4861) MallocStackLogging: can't turn off malloc stack logging because it was not enabled.
node(4864) MallocStackLogging: can't turn off malloc stack logging because it was not enabled.
node(4867) MallocStackLogging: can't turn off malloc stack logging because it was not enabled.
node(4866) MallocStackLogging: can't turn off malloc stack logging because it was not enabled.
node(4863) MallocStackLogging: can't turn off malloc stack logging because it was not enabled.
node(4865) MallocStackLogging: can't turn off malloc stack logging because it was not enabled.
node(4868) MallocStackLogging: can't turn off malloc stack logging because it was not enabled.
node(4870) MallocStackLogging: can't turn off malloc stack logging because it was not enabled.
node(4869) MallocStackLogging: can't turn off malloc stack logging because it was not enabled.
node(4871) MallocStackLogging: can't turn off malloc stack logging because it was not enabled.
node(4872) MallocStackLogging: can't turn off malloc stack logging because it was not enabled.
node(4873) MallocStackLogging: can't turn off malloc stack logging because it was not enabled.
node(4874) MallocStackLogging: can't turn off malloc stack logging because it was not enabled.
node(4875) MallocStackLogging: can't turn off malloc stack logging because it was not enabled.
node(4876) MallocStackLogging: can't turn off malloc stack logging because it was not enabled.
node(4877) MallocStackLogging: can't turn off malloc stack logging because it was not enabled.
node(4878) MallocStackLogging: can't turn off malloc stack logging because it was not enabled.
node(4880) MallocStackLogging: can't turn off malloc stack logging because it was not enabled.
node(4881) MallocStackLogging: can't turn off malloc stack logging because it was not enabled.
node(4882) MallocStackLogging: can't turn off malloc stack logging because it was not enabled.
node(4883) MallocStackLogging: can't turn off malloc stack logging because it was not enabled.
node(4884) MallocStackLogging: can't turn off malloc stack logging because it was not enabled.
node(4885) MallocStackLogging: can't turn off malloc stack logging because it was not enabled.
node(4886) MallocStackLogging: can't turn off malloc stack logging because it was not enabled.
node(5118) MallocStackLogging: can't turn off malloc stack logging because it was not enabled.
node(5122) MallocStackLogging: can't turn off malloc stack logging because it was not enabled.
node(5125) MallocStackLogging: can't turn off malloc stack logging because it was not enabled.
node(5126) MallocStackLogging: can't turn off malloc stack logging because it was not enabled.
node(5127) MallocStackLogging: can't turn off malloc stack logging because it was not enabled.
node(5128) MallocStackLogging: can't turn off malloc stack logging because it was not enabled.
node(5129) MallocStackLogging: can't turn off malloc stack logging because it was not enabled.
node(5130) MallocStackLogging: can't turn off malloc stack logging because it was not enabled.
node(5131) MallocStackLogging: can't turn off malloc stack logging because it was not enabled.
node(5132) MallocStackLogging: can't turn off malloc stack logging because it was not enabled.
node(5133) MallocStackLogging: can't turn off malloc stack logging because it was not enabled.
node(5134) MallocStackLogging: can't turn off malloc stack logging because it was not enabled.
node(5135) MallocStackLogging: can't turn off malloc stack logging because it was not enabled.
node(5136) MallocStackLogging: can't turn off malloc stack logging because it was not enabled.
node(5137) MallocStackLogging: can't turn off malloc stack logging because it was not enabled.
node(5138) MallocStackLogging: can't turn off malloc stack logging because it was not enabled.
node(5139) MallocStackLogging: can't turn off malloc stack logging because it was not enabled.
node(5140) MallocStackLogging: can't turn off malloc stack logging because it was not enabled.
node(5141) MallocStackLogging: can't turn off malloc stack logging because it was not enabled.
node(5142) MallocStackLogging: can't turn off malloc stack logging because it was not enabled.
node(5143) MallocStackLogging: can't turn off malloc stack logging because it was not enabled.
node(5144) MallocStackLogging: can't turn off malloc stack logging because it was not enabled.
node(5145) MallocStackLogging: can't turn off malloc stack logging because it was not enabled.
node(5146) MallocStackLogging: can't turn off malloc stack logging because it was not enabled.
node(5147) MallocStackLogging: can't turn off malloc stack logging because it was not enabled.
node(5148) MallocStackLogging: can't turn off malloc stack logging because it was not enabled.
node(5150) MallocStackLogging: can't turn off malloc stack logging because it was not enabled.
node(5151) MallocStackLogging: can't turn off malloc stack logging because it was not enabled.
node(5152) MallocStackLogging: can't turn off malloc stack logging because it was not enabled.
node(5153) MallocStackLogging: can't turn off malloc stack logging because it was not enabled.
✓ Finished writing to filesystem cache in 15.7s
node(5155) MallocStackLogging: can't turn off malloc stack logging because it was not enabled.
node(5157) MallocStackLogging: can't turn off malloc stack logging because it was not enabled.
node(5159) MallocStackLogging: can't turn off malloc stack logging because it was not enabled.
node(5160) MallocStackLogging: can't turn off malloc stack logging because it was not enabled.
node(5162) MallocStackLogging: can't turn off malloc stack logging because it was not enabled.
node(5164) MallocStackLogging: can't turn off malloc stack logging because it was not enabled.
node(5163) MallocStackLogging: can't turn off malloc stack logging because it was not enabled.
node(5165) MallocStackLogging: can't turn off malloc stack logging because it was not enabled.
node(5168) MallocStackLogging: can't turn off malloc stack logging because it was not enabled.
node(5169) MallocStackLogging: can't turn off malloc stack logging because it was not enabled.
node(5172) MallocStackLogging: can't turn off malloc stack logging because it was not enabled.
node(5171) MallocStackLogging: can't turn off malloc stack logging because it was not enabled.
node(5173) MallocStackLogging: can't turn off malloc stack logging because it was not enabled.
node(5174) MallocStackLogging: can't turn off malloc stack logging because it was not enabled.
node(5176) MallocStackLogging: can't turn off malloc stack logging because it was not enabled.
node(5177) MallocStackLogging: can't turn off malloc stack logging because it was not enabled.
node(5178) MallocStackLogging: can't turn off malloc stack logging because it was not enabled.
node(5179) MallocStackLogging: can't turn off malloc stack logging because it was not enabled.
node(5180) MallocStackLogging: can't turn off malloc stack logging because it was not enabled.
node(5182) MallocStackLogging: can't turn off malloc stack logging because it was not enabled.
node(5185) MallocStackLogging: can't turn off malloc stack logging because it was not enabled.
node(5184) MallocStackLogging: can't turn off malloc stack logging because it was not enabled.
node(5186) MallocStackLogging: can't turn off malloc stack logging because it was not enabled.
node(5187) MallocStackLogging: can't turn off malloc stack logging because it was not enabled.
node(5189) MallocStackLogging: can't turn off malloc stack logging because it was not enabled.
node(5190) MallocStackLogging: can't turn off malloc stack logging because it was not enabled.
node(5188) MallocStackLogging: can't turn off malloc stack logging because it was not enabled.
node(5191) MallocStackLogging: can't turn off malloc stack logging because it was not enabled.
node(5196) MallocStackLogging: can't turn off malloc stack logging because it was not enabled.
node(5195) MallocStackLogging: can't turn off malloc stack logging because it was not enabled.
node(5200) MallocStackLogging: can't turn off malloc stack logging because it was not enabled.
node(5201) MallocStackLogging: can't turn off malloc stack logging because it was not enabled.
node(5202) MallocStackLogging: can't turn off malloc stack logging because it was not enabled.
node(5204) MallocStackLogging: can't turn off malloc stack logging because it was not enabled.
node(5203) MallocStackLogging: can't turn off malloc stack logging because it was not enabled.
node(5205) MallocStackLogging: can't turn off malloc stack logging because it was not enabled.
node(5206) MallocStackLogging: can't turn off malloc stack logging because it was not enabled.
node(5208) MallocStackLogging: can't turn off malloc stack logging because it was not enabled.
node(5209) MallocStackLogging: can't turn off malloc stack logging because it was not enabled.
node(5210) MallocStackLogging: can't turn off malloc stack logging because it was not enabled.
node(5211) MallocStackLogging: can't turn off malloc stack logging because it was not enabled.
node(5213) MallocStackLogging: can't turn off malloc stack logging because it was not enabled.
node(5216) MallocStackLogging: can't turn off malloc stack logging because it was not enabled.
node(5214) MallocStackLogging: can't turn off malloc stack logging because it was not enabled.
node(5217) MallocStackLogging: can't turn off malloc stack logging because it was not enabled.
node(5218) MallocStackLogging: can't turn off malloc stack logging because it was not enabled.
node(5219) MallocStackLogging: can't turn off malloc stack logging because it was not enabled.
node(5220) MallocStackLogging: can't turn off malloc stack logging because it was not enabled.
node(5221) MallocStackLogging: can't turn off malloc stack logging because it was not enabled.
node(5222) MallocStackLogging: can't turn off malloc stack logging because it was not enabled.
node(5223) MallocStackLogging: can't turn off malloc stack logging because it was not enabled.
node(5224) MallocStackLogging: can't turn off malloc stack logging because it was not enabled.
node(5225) MallocStackLogging: can't turn off malloc stack logging because it was not enabled.
node(5226) MallocStackLogging: can't turn off malloc stack logging because it was not enabled.
node(5228) MallocStackLogging: can't turn off malloc stack logging because it was not enabled.
node(5227) MallocStackLogging: can't turn off malloc stack logging because it was not enabled.
node(5231) MallocStackLogging: can't turn off malloc stack logging because it was not enabled.
node(5230) MallocStackLogging: can't turn off malloc stack logging because it was not enabled.
node(5232) MallocStackLogging: can't turn off malloc stack logging because it was not enabled.
node(5233) MallocStackLogging: can't turn off malloc stack logging because it was not enabled.
node(5235) MallocStackLogging: can't turn off malloc stack logging because it was not enabled.
node(5238) MallocStackLogging: can't turn off malloc stack logging because it was not enabled.
node(5234) MallocStackLogging: can't turn off malloc stack logging because it was not enabled.
node(5237) MallocStackLogging: can't turn off malloc stack logging because it was not enabled.
node(5239) MallocStackLogging: can't turn off malloc stack logging because it was not enabled.
node(5242) MallocStackLogging: can't turn off malloc stack logging because it was not enabled.
node(5244) MallocStackLogging: can't turn off malloc stack logging because it was not enabled.
node(5245) MallocStackLogging: can't turn off malloc stack logging because it was not enabled.
node(5246) MallocStackLogging: can't turn off malloc stack logging because it was not enabled.
node(5247) MallocStackLogging: can't turn off malloc stack logging because it was not enabled.
node(5250) MallocStackLogging: can't turn off malloc stack logging because it was not enabled.
node(5251) MallocStackLogging: can't turn off malloc stack logging because it was not enabled.
node(5249) MallocStackLogging: can't turn off malloc stack logging because it was not enabled.
node(5248) MallocStackLogging: can't turn off malloc stack logging because it was not enabled.
node(5254) MallocStackLogging: can't turn off malloc stack logging because it was not enabled.
node(5257) MallocStackLogging: can't turn off malloc stack logging because it was not enabled.
node(5258) MallocStackLogging: can't turn off malloc stack logging because it was not enabled.
node(5255) MallocStackLogging: can't turn off malloc stack logging because it was not enabled.
node(5261) MallocStackLogging: can't turn off malloc stack logging because it was not enabled.
node(5262) MallocStackLogging: can't turn off malloc stack logging because it was not enabled.
node(5265) MallocStackLogging: can't turn off malloc stack logging because it was not enabled.
node(5264) MallocStackLogging: can't turn off malloc stack logging because it was not enabled.
node(5266) MallocStackLogging: can't turn off malloc stack logging because it was not enabled.
node(5267) MallocStackLogging: can't turn off malloc stack logging because it was not enabled.
node(5268) MallocStackLogging: can't turn off malloc stack logging because it was not enabled.
node(5269) MallocStackLogging: can't turn off malloc stack logging because it was not enabled.
node(5270) MallocStackLogging: can't turn off malloc stack logging because it was not enabled.
node(5271) MallocStackLogging: can't turn off malloc stack logging because it was not enabled.
node(5272) MallocStackLogging: can't turn off malloc stack logging because it was not enabled.
node(5273) MallocStackLogging: can't turn off malloc stack logging because it was not enabled.
node(5274) MallocStackLogging: can't turn off malloc stack logging because it was not enabled.
node(5275) MallocStackLogging: can't turn off malloc stack logging because it was not enabled.
node(5276) MallocStackLogging: can't turn off malloc stack logging because it was not enabled.
node(5277) MallocStackLogging: can't turn off malloc stack logging because it was not enabled.
node(5278) MallocStackLogging: can't turn off malloc stack logging because it was not enabled.
node(5279) MallocStackLogging: can't turn off malloc stack logging because it was not enabled.
node(5280) MallocStackLogging: can't turn off malloc stack logging because it was not enabled.
node(5281) MallocStackLogging: can't turn off malloc stack logging because it was not enabled.
node(5282) MallocStackLogging: can't turn off malloc stack logging because it was not enabled.
node(5284) MallocStackLogging: can't turn off malloc stack logging because it was not enabled.
node(5283) MallocStackLogging: can't turn off malloc stack logging because it was not enabled.
node(5285) MallocStackLogging: can't turn off malloc stack logging because it was not enabled.
node(5287) MallocStackLogging: can't turn off malloc stack logging because it was not enabled.
node(5286) MallocStackLogging: can't turn off malloc stack logging because it was not enabled.
node(5289) MallocStackLogging: can't turn off malloc stack logging because it was not enabled.
node(5288) MallocStackLogging: can't turn off malloc stack logging because it was not enabled.
node(5291) MallocStackLogging: can't turn off malloc stack logging because it was not enabled.
node(5292) MallocStackLogging: can't turn off malloc stack logging because it was not enabled.
node(5293) MallocStackLogging: can't turn off malloc stack logging because it was not enabled.
node(5294) MallocStackLogging: can't turn off malloc stack logging because it was not enabled.
node(5295) MallocStackLogging: can't turn off malloc stack logging because it was not enabled.
node(5296) MallocStackLogging: can't turn off malloc stack logging because it was not enabled.
node(5297) MallocStackLogging: can't turn off malloc stack logging because it was not enabled.
node(5298) MallocStackLogging: can't turn off malloc stack logging because it was not enabled.
node(5299) MallocStackLogging: can't turn off malloc stack logging because it was not enabled.
node(5300) MallocStackLogging: can't turn off malloc stack logging because it was not enabled.
node(5301) MallocStackLogging: can't turn off malloc stack logging because it was not enabled.
node(5302) MallocStackLogging: can't turn off malloc stack logging because it was not enabled.
node(5303) MallocStackLogging: can't turn off malloc stack logging because it was not enabled.
node(5304) MallocStackLogging: can't turn off malloc stack logging because it was not enabled.
node(5305) MallocStackLogging: can't turn off malloc stack logging because it was not enabled.
node(5306) MallocStackLogging: can't turn off malloc stack logging because it was not enabled.
node(5307) MallocStackLogging: can't turn off malloc stack logging because it was not enabled.
node(5308) MallocStackLogging: can't turn off malloc stack logging because it was not enabled.
node(5309) MallocStackLogging: can't turn off malloc stack logging because it was not enabled.
node(5310) MallocStackLogging: can't turn off malloc stack logging because it was not enabled.
node(5311) MallocStackLogging: can't turn off malloc stack logging because it was not enabled.
node(5312) MallocStackLogging: can't turn off malloc stack logging because it was not enabled.
node(5313) MallocStackLogging: can't turn off malloc stack logging because it was not enabled.
node(5314) MallocStackLogging: can't turn off malloc stack logging because it was not enabled.
node(5315) MallocStackLogging: can't turn off malloc stack logging because it was not enabled.
node(5318) MallocStackLogging: can't turn off malloc stack logging because it was not enabled.
node(5316) MallocStackLogging: can't turn off malloc stack logging because it was not enabled.
node(5317) MallocStackLogging: can't turn off malloc stack logging because it was not enabled.
node(5319) MallocStackLogging: can't turn off malloc stack logging because it was not enabled.
node(5320) MallocStackLogging: can't turn off malloc stack logging because it was not enabled.
node(5321) MallocStackLogging: can't turn off malloc stack logging because it was not enabled.
node(5323) MallocStackLogging: can't turn off malloc stack logging because it was not enabled.
node(5324) MallocStackLogging: can't turn off malloc stack logging because it was not enabled.
node(5327) MallocStackLogging: can't turn off malloc stack logging because it was not enabled.
node(5325) MallocStackLogging: can't turn off malloc stack logging because it was not enabled.
node(5329) MallocStackLogging: can't turn off malloc stack logging because it was not enabled.
node(5326) MallocStackLogging: can't turn off malloc stack logging because it was not enabled.
node(5330) MallocStackLogging: can't turn off malloc stack logging because it was not enabled.
node(5331) MallocStackLogging: can't turn off malloc stack logging because it was not enabled.
node(5332) MallocStackLogging: can't turn off malloc stack logging because it was not enabled.
node(5333) MallocStackLogging: can't turn off malloc stack logging because it was not enabled.
node(5334) MallocStackLogging: can't turn off malloc stack logging because it was not enabled.
node(5335) MallocStackLogging: can't turn off malloc stack logging because it was not enabled.
node(5336) MallocStackLogging: can't turn off malloc stack logging because it was not enabled.
node(5337) MallocStackLogging: can't turn off malloc stack logging because it was not enabled.
node(5339) MallocStackLogging: can't turn off malloc stack logging because it was not enabled.
node(5341) MallocStackLogging: can't turn off malloc stack logging because it was not enabled.
node(5340) MallocStackLogging: can't turn off malloc stack logging because it was not enabled.
node(5342) MallocStackLogging: can't turn off malloc stack logging because it was not enabled.
node(5343) MallocStackLogging: can't turn off malloc stack logging because it was not enabled.
node(5344) MallocStackLogging: can't turn off malloc stack logging because it was not enabled.
node(5346) MallocStackLogging: can't turn off malloc stack logging because it was not enabled.
node(5347) MallocStackLogging: can't turn off malloc stack logging because it was not enabled.
node(5345) MallocStackLogging: can't turn off malloc stack logging because it was not enabled.
node(5348) MallocStackLogging: can't turn off malloc stack logging because it was not enabled.
node(5352) MallocStackLogging: can't turn off malloc stack logging because it was not enabled.
node(5349) MallocStackLogging: can't turn off malloc stack logging because it was not enabled.
node(5351) MallocStackLogging: can't turn off malloc stack logging because it was not enabled.
node(5350) MallocStackLogging: can't turn off malloc stack logging because it was not enabled.
node(5354) MallocStackLogging: can't turn off malloc stack logging because it was not enabled.
node(5355) MallocStackLogging: can't turn off malloc stack logging because it was not enabled.
node(5356) MallocStackLogging: can't turn off malloc stack logging because it was not enabled.
node(5357) MallocStackLogging: can't turn off malloc stack logging because it was not enabled.
node(5358) MallocStackLogging: can't turn off malloc stack logging because it was not enabled.
node(5359) MallocStackLogging: can't turn off malloc stack logging because it was not enabled.
node(5360) MallocStackLogging: can't turn off malloc stack logging because it was not enabled.
node(5361) MallocStackLogging: can't turn off malloc stack logging because it was not enabled.
node(5362) MallocStackLogging: can't turn off malloc stack logging because it was not enabled.
node(5363) MallocStackLogging: can't turn off malloc stack logging because it was not enabled.
node(5364) MallocStackLogging: can't turn off malloc stack logging because it was not enabled.
node(5365) MallocStackLogging: can't turn off malloc stack logging because it was not enabled.
node(5366) MallocStackLogging: can't turn off malloc stack logging because it was not enabled.
node(5367) MallocStackLogging: can't turn off malloc stack logging because it was not enabled.
node(5368) MallocStackLogging: can't turn off malloc stack logging because it was not enabled.
node(5369) MallocStackLogging: can't turn off malloc stack logging because it was not enabled.
node(5370) MallocStackLogging: can't turn off malloc stack logging because it was not enabled.
node(5371) MallocStackLogging: can't turn off malloc stack logging because it was not enabled.
node(5372) MallocStackLogging: can't turn off malloc stack logging because it was not enabled.
node(5373) MallocStackLogging: can't turn off malloc stack logging because it was not enabled.
node(5374) MallocStackLogging: can't turn off malloc stack logging because it was not enabled.
node(5375) MallocStackLogging: can't turn off malloc stack logging because it was not enabled.
node(5376) MallocStackLogging: can't turn off malloc stack logging because it was not enabled.
node(5377) MallocStackLogging: can't turn off malloc stack logging because it was not enabled.
node(5378) MallocStackLogging: can't turn off malloc stack logging because it was not enabled.
node(5379) MallocStackLogging: can't turn off malloc stack logging because it was not enabled.
node(5380) MallocStackLogging: can't turn off malloc stack logging because it was not enabled.
node(5381) MallocStackLogging: can't turn off malloc stack logging because it was not enabled.
node(5382) MallocStackLogging: can't turn off malloc stack logging because it was not enabled.
node(5383) MallocStackLogging: can't turn off malloc stack logging because it was not enabled.
node(5384) MallocStackLogging: can't turn off malloc stack logging because it was not enabled.
node(5385) MallocStackLogging: can't turn off malloc stack logging because it was not enabled.
node(5386) MallocStackLogging: can't turn off malloc stack logging because it was not enabled.
node(5387) MallocStackLogging: can't turn off malloc stack logging because it was not enabled.
node(5388) MallocStackLogging: can't turn off malloc stack logging because it was not enabled.
node(5389) MallocStackLogging: can't turn off malloc stack logging because it was not enabled.
node(5390) MallocStackLogging: can't turn off malloc stack logging because it was not enabled.
node(5391) MallocStackLogging: can't turn off malloc stack logging because it was not enabled.
node(5392) MallocStackLogging: can't turn off malloc stack logging because it was not enabled.
node(5393) MallocStackLogging: can't turn off malloc stack logging because it was not enabled.
node(5394) MallocStackLogging: can't turn off malloc stack logging because it was not enabled.
node(5395) MallocStackLogging: can't turn off malloc stack logging because it was not enabled.
node(5396) MallocStackLogging: can't turn off malloc stack logging because it was not enabled.
node(5397) MallocStackLogging: can't turn off malloc stack logging because it was not enabled.
node(5398) MallocStackLogging: can't turn off malloc stack logging because it was not enabled.
node(5399) MallocStackLogging: can't turn off malloc stack logging because it was not enabled.
node(5400) MallocStackLogging: can't turn off malloc stack logging because it was not enabled.
node(5401) MallocStackLogging: can't turn off malloc stack logging because it was not enabled.
node(5402) MallocStackLogging: can't turn off malloc stack logging because it was not enabled.
node(5403) MallocStackLogging: can't turn off malloc stack logging because it was not enabled.
node(5404) MallocStackLogging: can't turn off malloc stack logging because it was not enabled.
node(5405) MallocStackLogging: can't turn off malloc stack logging because it was not enabled.
node(5406) MallocStackLogging: can't turn off malloc stack logging because it was not enabled.
node(5407) MallocStackLogging: can't turn off malloc stack logging because it was not enabled.
node(5408) MallocStackLogging: can't turn off malloc stack logging because it was not enabled.
node(5409) MallocStackLogging: can't turn off malloc stack logging because it was not enabled.
node(5410) MallocStackLogging: can't turn off malloc stack logging because it was not enabled.
node(5411) MallocStackLogging: can't turn off malloc stack logging because it was not enabled.
node(5414) MallocStackLogging: can't turn off malloc stack logging because it was not enabled.
node(5415) MallocStackLogging: can't turn off malloc stack logging because it was not enabled.
node(5416) MallocStackLogging: can't turn off malloc stack logging because it was not enabled.
node(5418) MallocStackLogging: can't turn off malloc stack logging because it was not enabled.
node(5419) MallocStackLogging: can't turn off malloc stack logging because it was not enabled.
node(5421) MallocStackLogging: can't turn off malloc stack logging because it was not enabled.
node(5423) MallocStackLogging: can't turn off malloc stack logging because it was not enabled.
node(5420) MallocStackLogging: can't turn off malloc stack logging because it was not enabled.
node(5422) MallocStackLogging: can't turn off malloc stack logging because it was not enabled.
node(5426) MallocStackLogging: can't turn off malloc stack logging because it was not enabled.
node(5427) MallocStackLogging: can't turn off malloc stack logging because it was not enabled.
node(5430) MallocStackLogging: can't turn off malloc stack logging because it was not enabled.
node(5428) MallocStackLogging: can't turn off malloc stack logging because it was not enabled.
node(5429) MallocStackLogging: can't turn off malloc stack logging because it was not enabled.
node(5432) MallocStackLogging: can't turn off malloc stack logging because it was not enabled.
node(5433) MallocStackLogging: can't turn off malloc stack logging because it was not enabled.
node(5431) MallocStackLogging: can't turn off malloc stack logging because it was not enabled.
node(5435) MallocStackLogging: can't turn off malloc stack logging because it was not enabled.
node(5434) MallocStackLogging: can't turn off malloc stack logging because it was not enabled.
node(5436) MallocStackLogging: can't turn off malloc stack logging because it was not enabled.
node(5440) MallocStackLogging: can't turn off malloc stack logging because it was not enabled.
node(5438) MallocStackLogging: can't turn off malloc stack logging because it was not enabled.
node(5442) MallocStackLogging: can't turn off malloc stack logging because it was not enabled.
node(5439) MallocStackLogging: can't turn off malloc stack logging because it was not enabled.
node(5441) MallocStackLogging: can't turn off malloc stack logging because it was not enabled.
node(5443) MallocStackLogging: can't turn off malloc stack logging because it was not enabled.
node(5445) MallocStackLogging: can't turn off malloc stack logging because it was not enabled.
node(5446) MallocStackLogging: can't turn off malloc stack logging because it was not enabled.
node(5447) MallocStackLogging: can't turn off malloc stack logging because it was not enabled.
node(5448) MallocStackLogging: can't turn off malloc stack logging because it was not enabled.
node(5449) MallocStackLogging: can't turn off malloc stack logging because it was not enabled.
node(5451) MallocStackLogging: can't turn off malloc stack logging because it was not enabled.
node(5450) MallocStackLogging: can't turn off malloc stack logging because it was not enabled.
node(5453) MallocStackLogging: can't turn off malloc stack logging because it was not enabled.
node(5452) MallocStackLogging: can't turn off malloc stack logging because it was not enabled.
node(5454) MallocStackLogging: can't turn off malloc stack logging because it was not enabled.
node(5455) MallocStackLogging: can't turn off malloc stack logging because it was not enabled.
node(5456) MallocStackLogging: can't turn off malloc stack logging because it was not enabled.
node(5457) MallocStackLogging: can't turn off malloc stack logging because it was not enabled.
node(5458) MallocStackLogging: can't turn off malloc stack logging because it was not enabled.
node(5459) MallocStackLogging: can't turn off malloc stack logging because it was not enabled.
node(5460) MallocStackLogging: can't turn off malloc stack logging because it was not enabled.
node(5461) MallocStackLogging: can't turn off malloc stack logging because it was not enabled.
node(5462) MallocStackLogging: can't turn off malloc stack logging because it was not enabled.
node(5463) MallocStackLogging: can't turn off malloc stack logging because it was not enabled.
node(5464) MallocStackLogging: can't turn off malloc stack logging because it was not enabled.
node(5465) MallocStackLogging: can't turn off malloc stack logging because it was not enabled.
node(5466) MallocStackLogging: can't turn off malloc stack logging because it was not enabled.
node(5467) MallocStackLogging: can't turn off malloc stack logging because it was not enabled.
node(5468) MallocStackLogging: can't turn off malloc stack logging because it was not enabled.
node(5469) MallocStackLogging: can't turn off malloc stack logging because it was not enabled.
node(5470) MallocStackLogging: can't turn off malloc stack logging because it was not enabled.
node(5471) MallocStackLogging: can't turn off malloc stack logging because it was not enabled.
node(5472) MallocStackLogging: can't turn off malloc stack logging because it was not enabled.
node(5473) MallocStackLogging: can't turn off malloc stack logging because it was not enabled.
node(5474) MallocStackLogging: can't turn off malloc stack logging because it was not enabled.
node(5475) MallocStackLogging: can't turn off malloc stack logging because it was not enabled.
node(5476) MallocStackLogging: can't turn off malloc stack logging because it was not enabled.
node(5477) MallocStackLogging: can't turn off malloc stack logging because it was not enabled.
node(5479) MallocStackLogging: can't turn off malloc stack logging because it was not enabled.
node(5478) MallocStackLogging: can't turn off malloc stack logging because it was not enabled.
node(5480) MallocStackLogging: can't turn off malloc stack logging because it was not enabled.
node(5481) MallocStackLogging: can't turn off malloc stack logging because it was not enabled.
node(5482) MallocStackLogging: can't turn off malloc stack logging because it was not enabled.
node(5483) MallocStackLogging: can't turn off malloc stack logging because it was not enabled.
node(5484) MallocStackLogging: can't turn off malloc stack logging because it was not enabled.
node(5485) MallocStackLogging: can't turn off malloc stack logging because it was not enabled.
node(5486) MallocStackLogging: can't turn off malloc stack logging because it was not enabled.
node(5487) MallocStackLogging: can't turn off malloc stack logging because it was not enabled.
node(5488) MallocStackLogging: can't turn off malloc stack logging because it was not enabled.
node(5489) MallocStackLogging: can't turn off malloc stack logging because it was not enabled.
node(5490) MallocStackLogging: can't turn off malloc stack logging because it was not enabled.
node(5491) MallocStackLogging: can't turn off malloc stack logging because it was not enabled.
node(5492) MallocStackLogging: can't turn off malloc stack logging because it was not enabled.
node(5493) MallocStackLogging: can't turn off malloc stack logging because it was not enabled.
node(5494) MallocStackLogging: can't turn off malloc stack logging because it was not enabled.
node(5495) MallocStackLogging: can't turn off malloc stack logging because it was not enabled.
node(5496) MallocStackLogging: can't turn off malloc stack logging because it was not enabled.
node(5497) MallocStackLogging: can't turn off malloc stack logging because it was not enabled.
node(5498) MallocStackLogging: can't turn off malloc stack logging because it was not enabled.
node(5499) MallocStackLogging: can't turn off malloc stack logging because it was not enabled.
node(5500) MallocStackLogging: can't turn off malloc stack logging because it was not enabled.
node(5501) MallocStackLogging: can't turn off malloc stack logging because it was not enabled.
node(5502) MallocStackLogging: can't turn off malloc stack logging because it was not enabled.
node(5504) MallocStackLogging: can't turn off malloc stack logging because it was not enabled.
node(5503) MallocStackLogging: can't turn off malloc stack logging because it was not enabled.
node(5505) MallocStackLogging: can't turn off malloc stack logging because it was not enabled.
node(5507) MallocStackLogging: can't turn off malloc stack logging because it was not enabled.
node(5506) MallocStackLogging: can't turn off malloc stack logging because it was not enabled.
node(5510) MallocStackLogging: can't turn off malloc stack logging because it was not enabled.
node(5508) MallocStackLogging: can't turn off malloc stack logging because it was not enabled.
node(5511) MallocStackLogging: can't turn off malloc stack logging because it was not enabled.
node(5512) MallocStackLogging: can't turn off malloc stack logging because it was not enabled.
node(5514) MallocStackLogging: can't turn off malloc stack logging because it was not enabled.
node(5515) MallocStackLogging: can't turn off malloc stack logging because it was not enabled.
node(5516) MallocStackLogging: can't turn off malloc stack logging because it was not enabled.
node(5517) MallocStackLogging: can't turn off malloc stack logging because it was not enabled.
node(5519) MallocStackLogging: can't turn off malloc stack logging because it was not enabled.
node(5518) MallocStackLogging: can't turn off malloc stack logging because it was not enabled.
node(5520) MallocStackLogging: can't turn off malloc stack logging because it was not enabled.
node(5642) MallocStackLogging: can't turn off malloc stack logging because it was not enabled.
node(5649) MallocStackLogging: can't turn off malloc stack logging because it was not enabled.
node(5650) MallocStackLogging: can't turn off malloc stack logging because it was not enabled.
node(5651) MallocStackLogging: can't turn off malloc stack logging because it was not enabled.
node(5648) MallocStackLogging: can't turn off malloc stack logging because it was not enabled.
node(5647) MallocStackLogging: can't turn off malloc stack logging because it was not enabled.
node(5653) MallocStackLogging: can't turn off malloc stack logging because it was not enabled.
node(5654) MallocStackLogging: can't turn off malloc stack logging because it was not enabled.
node(5656) MallocStackLogging: can't turn off malloc stack logging because it was not enabled.
node(5652) MallocStackLogging: can't turn off malloc stack logging because it was not enabled.
node(5658) MallocStackLogging: can't turn off malloc stack logging because it was not enabled.
node(5659) MallocStackLogging: can't turn off malloc stack logging because it was not enabled.
node(5661) MallocStackLogging: can't turn off malloc stack logging because it was not enabled.
node(5662) MallocStackLogging: can't turn off malloc stack logging because it was not enabled.
node(5663) MallocStackLogging: can't turn off malloc stack logging because it was not enabled.
node(5664) MallocStackLogging: can't turn off malloc stack logging because it was not enabled.
node(5665) MallocStackLogging: can't turn off malloc stack logging because it was not enabled.
node(5666) MallocStackLogging: can't turn off malloc stack logging because it was not enabled.
node(5667) MallocStackLogging: can't turn off malloc stack logging because it was not enabled.
node(5668) MallocStackLogging: can't turn off malloc stack logging because it was not enabled.
node(5669) MallocStackLogging: can't turn off malloc stack logging because it was not enabled.
node(5670) MallocStackLogging: can't turn off malloc stack logging because it was not enabled.
node(5671) MallocStackLogging: can't turn off malloc stack logging because it was not enabled.
node(5672) MallocStackLogging: can't turn off malloc stack logging because it was not enabled.
node(5673) MallocStackLogging: can't turn off malloc stack logging because it was not enabled.
node(5674) MallocStackLogging: can't turn off malloc stack logging because it was not enabled.
node(5675) MallocStackLogging: can't turn off malloc stack logging because it was not enabled.
node(5676) MallocStackLogging: can't turn off malloc stack logging because it was not enabled.
node(5677) MallocStackLogging: can't turn off malloc stack logging because it was not enabled.
node(5678) MallocStackLogging: can't turn off malloc stack logging because it was not enabled.
node(5679) MallocStackLogging: can't turn off malloc stack logging because it was not enabled.
node(5683) MallocStackLogging: can't turn off malloc stack logging because it was not enabled.
node(5685) MallocStackLogging: can't turn off malloc stack logging because it was not enabled.
node(5689) MallocStackLogging: can't turn off malloc stack logging because it was not enabled.
node(5690) MallocStackLogging: can't turn off malloc stack logging because it was not enabled.
node(5691) MallocStackLogging: can't turn off malloc stack logging because it was not enabled.
node(5694) MallocStackLogging: can't turn off malloc stack logging because it was not enabled.
node(5695) MallocStackLogging: can't turn off malloc stack logging because it was not enabled.
node(5701) MallocStackLogging: can't turn off malloc stack logging because it was not enabled.
node(5699) MallocStackLogging: can't turn off malloc stack logging because it was not enabled.
node(5704) MallocStackLogging: can't turn off malloc stack logging because it was not enabled.
node(5706) MallocStackLogging: can't turn off malloc stack logging because it was not enabled.
node(5710) MallocStackLogging: can't turn off malloc stack logging because it was not enabled.
node(5711) MallocStackLogging: can't turn off malloc stack logging because it was not enabled.
node(5712) MallocStackLogging: can't turn off malloc stack logging because it was not enabled.
node(5713) MallocStackLogging: can't turn off malloc stack logging because it was not enabled.
node(5714) MallocStackLogging: can't turn off malloc stack logging because it was not enabled.
node(5715) MallocStackLogging: can't turn off malloc stack logging because it was not enabled.
node(5716) MallocStackLogging: can't turn off malloc stack logging because it was not enabled.
node(5717) MallocStackLogging: can't turn off malloc stack logging because it was not enabled.
node(5718) MallocStackLogging: can't turn off malloc stack logging because it was not enabled.
node(5719) MallocStackLogging: can't turn off malloc stack logging because it was not enabled.
node(5720) MallocStackLogging: can't turn off malloc stack logging because it was not enabled.
node(5721) MallocStackLogging: can't turn off malloc stack logging because it was not enabled.
node(5722) MallocStackLogging: can't turn off malloc stack logging because it was not enabled.
node(5723) MallocStackLogging: can't turn off malloc stack logging because it was not enabled.
node(5724) MallocStackLogging: can't turn off malloc stack logging because it was not enabled.
node(5725) MallocStackLogging: can't turn off malloc stack logging because it was not enabled.
node(5726) MallocStackLogging: can't turn off malloc stack logging because it was not enabled.
node(5727) MallocStackLogging: can't turn off malloc stack logging because it was not enabled.
node(5728) MallocStackLogging: can't turn off malloc stack logging because it was not enabled.
node(5729) MallocStackLogging: can't turn off malloc stack logging because it was not enabled.
node(5730) MallocStackLogging: can't turn off malloc stack logging because it was not enabled.
node(5731) MallocStackLogging: can't turn off malloc stack logging because it was not enabled.
node(5732) MallocStackLogging: can't turn off malloc stack logging because it was not enabled.
node(5733) MallocStackLogging: can't turn off malloc stack logging because it was not enabled.
node(5734) MallocStackLogging: can't turn off malloc stack logging because it was not enabled.
node(5735) MallocStackLogging: can't turn off malloc stack logging because it was not enabled.
node(5738) MallocStackLogging: can't turn off malloc stack logging because it was not enabled.
node(5737) MallocStackLogging: can't turn off malloc stack logging because it was not enabled.
node(5740) MallocStackLogging: can't turn off malloc stack logging because it was not enabled.
node(5739) MallocStackLogging: can't turn off malloc stack logging because it was not enabled.
node(5736) MallocStackLogging: can't turn off malloc stack logging because it was not enabled.
node(5741) MallocStackLogging: can't turn off malloc stack logging because it was not enabled.
node(5742) MallocStackLogging: can't turn off malloc stack logging because it was not enabled.
node(5743) MallocStackLogging: can't turn off malloc stack logging because it was not enabled.
node(5744) MallocStackLogging: can't turn off malloc stack logging because it was not enabled.
node(5745) MallocStackLogging: can't turn off malloc stack logging because it was not enabled.
node(5746) MallocStackLogging: can't turn off malloc stack logging because it was not enabled.
node(5747) MallocStackLogging: can't turn off malloc stack logging because it was not enabled.
node(5748) MallocStackLogging: can't turn off malloc stack logging because it was not enabled.
node(5749) MallocStackLogging: can't turn off malloc stack logging because it was not enabled.
node(5750) MallocStackLogging: can't turn off malloc stack logging because it was not enabled.
node(5751) MallocStackLogging: can't turn off malloc stack logging because it was not enabled.
node(5752) MallocStackLogging: can't turn off malloc stack logging because it was not enabled.
node(5753) MallocStackLogging: can't turn off malloc stack logging because it was not enabled.
node(5754) MallocStackLogging: can't turn off malloc stack logging because it was not enabled.
node(5755) MallocStackLogging: can't turn off malloc stack logging because it was not enabled.
node(5756) MallocStackLogging: can't turn off malloc stack logging because it was not enabled.
node(5757) MallocStackLogging: can't turn off malloc stack logging because it was not enabled.
node(5758) MallocStackLogging: can't turn off malloc stack logging because it was not enabled.
node(5759) MallocStackLogging: can't turn off malloc stack logging because it was not enabled.
node(5760) MallocStackLogging: can't turn off malloc stack logging because it was not enabled.
node(5761) MallocStackLogging: can't turn off malloc stack logging because it was not enabled.
node(5762) MallocStackLogging: can't turn off malloc stack logging because it was not enabled.
node(5763) MallocStackLogging: can't turn off malloc stack logging because it was not enabled.
node(5764) MallocStackLogging: can't turn off malloc stack logging because it was not enabled.
node(5765) MallocStackLogging: can't turn off malloc stack logging because it was not enabled.
node(5766) MallocStackLogging: can't turn off malloc stack logging because it was not enabled.
node(5767) MallocStackLogging: can't turn off malloc stack logging because it was not enabled.
node(5768) MallocStackLogging: can't turn off malloc stack logging because it was not enabled.
node(5769) MallocStackLogging: can't turn off malloc stack logging because it was not enabled.
node(5770) MallocStackLogging: can't turn off malloc stack logging because it was not enabled.
node(5771) MallocStackLogging: can't turn off malloc stack logging because it was not enabled.
node(5772) MallocStackLogging: can't turn off malloc stack logging because it was not enabled.
node(5773) MallocStackLogging: can't turn off malloc stack logging because it was not enabled.
node(5774) MallocStackLogging: can't turn off malloc stack logging because it was not enabled.
node(5775) MallocStackLogging: can't turn off malloc stack logging because it was not enabled.
node(5776) MallocStackLogging: can't turn off malloc stack logging because it was not enabled.
node(5777) MallocStackLogging: can't turn off malloc stack logging because it was not enabled.
node(5778) MallocStackLogging: can't turn off malloc stack logging because it was not enabled.
node(5779) MallocStackLogging: can't turn off malloc stack logging because it was not enabled.
node(5780) MallocStackLogging: can't turn off malloc stack logging because it was not enabled.
node(5781) MallocStackLogging: can't turn off malloc stack logging because it was not enabled.
node(5782) MallocStackLogging: can't turn off malloc stack logging because it was not enabled.
node(5783) MallocStackLogging: can't turn off malloc stack logging because it was not enabled.
node(5784) MallocStackLogging: can't turn off malloc stack logging because it was not enabled.
node(5785) MallocStackLogging: can't turn off malloc stack logging because it was not enabled.
node(5786) MallocStackLogging: can't turn off malloc stack logging because it was not enabled.
node(5787) MallocStackLogging: can't turn off malloc stack logging because it was not enabled.
node(5788) MallocStackLogging: can't turn off malloc stack logging because it was not enabled.
node(5789) MallocStackLogging: can't turn off malloc stack logging because it was not enabled.
node(5790) MallocStackLogging: can't turn off malloc stack logging because it was not enabled.
node(5791) MallocStackLogging: can't turn off malloc stack logging because it was not enabled.
node(5792) MallocStackLogging: can't turn off malloc stack logging because it was not enabled.
node(5793) MallocStackLogging: can't turn off malloc stack logging because it was not enabled.
node(5794) MallocStackLogging: can't turn off malloc stack logging because it was not enabled.
node(5795) MallocStackLogging: can't turn off malloc stack logging because it was not enabled.
node(5796) MallocStackLogging: can't turn off malloc stack logging because it was not enabled.
node(5797) MallocStackLogging: can't turn off malloc stack logging because it was not enabled.
node(5798) MallocStackLogging: can't turn off malloc stack logging because it was not enabled.
node(5799) MallocStackLogging: can't turn off malloc stack logging because it was not enabled.
node(5800) MallocStackLogging: can't turn off malloc stack logging because it was not enabled.
node(5801) MallocStackLogging: can't turn off malloc stack logging because it was not enabled.
node(5802) MallocStackLogging: can't turn off malloc stack logging because it was not enabled.
node(5803) MallocStackLogging: can't turn off malloc stack logging because it was not enabled.
node(5804) MallocStackLogging: can't turn off malloc stack logging because it was not enabled.
node(5805) MallocStackLogging: can't turn off malloc stack logging because it was not enabled.
node(5806) MallocStackLogging: can't turn off malloc stack logging because it was not enabled.
node(5807) MallocStackLogging: can't turn off malloc stack logging because it was not enabled.
node(5808) MallocStackLogging: can't turn off malloc stack logging because it was not enabled.
node(5809) MallocStackLogging: can't turn off malloc stack logging because it was not enabled.
node(5810) MallocStackLogging: can't turn off malloc stack logging because it was not enabled.
node(5811) MallocStackLogging: can't turn off malloc stack logging because it was not enabled.
node(5812) MallocStackLogging: can't turn off malloc stack logging because it was not enabled.
node(5813) MallocStackLogging: can't turn off malloc stack logging because it was not enabled.
node(5814) MallocStackLogging: can't turn off malloc stack logging because it was not enabled.
node(5815) MallocStackLogging: can't turn off malloc stack logging because it was not enabled.
node(5816) MallocStackLogging: can't turn off malloc stack logging because it was not enabled.
